<?xml version="1.0" encoding="UTF-8"?>
<testng-results skipped="0" failed="0" ignored="0" total="1" passed="1">
  <reporter-output>
  </reporter-output>
  <suite name="Default suite" duration-ms="10642" started-at="2019-10-20T10:16:48 EDT" finished-at="2019-10-20T10:16:59 EDT">
    <groups>
    </groups>
    <test name="Default test" duration-ms="10642" started-at="2019-10-20T10:16:48 EDT" finished-at="2019-10-20T10:16:59 EDT">
      <class name="com.techbeamers.testng.SeleniumWebdriverTest">
        <test-method status="PASS" signature="startFireFox()[pri:0, instance:com.techbeamers.testng.SeleniumWebdriverTest@401e7803]" name="startFireFox" is-config="true" duration-ms="6102" started-at="2019-10-20T10:16:48 EDT" finished-at="2019-10-20T10:16:55 EDT">
          <reporter-output>
          </reporter-output>
        </test-method> <!-- startFireFox -->
        <test-method status="PASS" signature="MyFirstTestNGTestCase()[pri:0, instance:com.techbeamers.testng.SeleniumWebdriverTest@401e7803]" name="MyFirstTestNGTestCase" duration-ms="2613" started-at="2019-10-20T10:16:55 EDT" finished-at="2019-10-20T10:16:57 EDT">
          <reporter-output>
          </reporter-output>
        </test-method> <!-- MyFirstTestNGTestCase -->
        <test-method status="PASS" signature="cleaupProc()[pri:0, instance:com.techbeamers.testng.SeleniumWebdriverTest@401e7803]" name="cleaupProc" is-config="true" duration-ms="1906" started-at="2019-10-20T10:16:57 EDT" finished-at="2019-10-20T10:16:59 EDT">
          <reporter-output>
          </reporter-output>
        </test-method> <!-- cleaupProc -->
      </class> <!-- com.techbeamers.testng.SeleniumWebdriverTest -->
    </test> <!-- Default test -->
  </suite> <!-- Default suite -->
</testng-results>
